<?xml version="1.0" encoding="UTF-8"?>
<!-- Generated by org.testng.reporters.JUnitXMLReporter -->
<testsuite ignored="0" hostname="Labeebs-MacBook-Pro.local" failures="1" tests="109" name="Surefire test" time="1.102" errors="0" timestamp="2024-10-21T17:03:07 FJT">
  <testcase classname="com.cs341.a2.testngdemo.TestngdemoNGTest" name="testAddition" time="0.003"/>
  <testcase classname="com.cs341.a2.testngdemo.TestngdemoNGTest" name="testIncrementCounterParallel" time="0.003"/>
  <testcase classname="com.cs341.a2.testngdemo.TestngdemoNGTest" name="testIncrementCounterParallel" time="0.003"/>
  <testcase classname="com.cs341.a2.testngdemo.TestngdemoNGTest" name="testIncrementCounterParallel" time="0.003"/>
  <testcase classname="com.cs341.a2.testngdemo.TestngdemoNGTest" name="testIncrementCounterParallel" time="0.003"/>
  <testcase classname="com.cs341.a2.testngdemo.TestngdemoNGTest" name="testIncrementCounterParallel" time="0.003"/>
  <testcase classname="com.cs341.a2.testngdemo.TestngdemoNGTest" name="testIncrementCounterParallel" time="0.001"/>
  <testcase classname="com.cs341.a2.testngdemo.TestngdemoNGTest" name="testIncrementCounterParallel" time="0.001"/>
  <testcase classname="com.cs341.a2.testngdemo.TestngdemoNGTest" name="testIncrementCounterParallel" time="0.001"/>
  <testcase classname="com.cs341.a2.testngdemo.TestngdemoNGTest" name="testIncrementCounterParallel" time="0.001"/>
  <testcase classname="com.cs341.a2.testngdemo.TestngdemoNGTest" name="testIncrementCounterParallel" time="0.0"/>
  <testcase classname="com.cs341.a2.testngdemo.TestngdemoNGTest" name="testIncrementCounterParallel" time="0.0"/>
  <testcase classname="com.cs341.a2.testngdemo.TestngdemoNGTest" name="testIncrementCounterParallel" time="0.0"/>
  <testcase classname="com.cs341.a2.testngdemo.TestngdemoNGTest" name="testIncrementCounterParallel" time="0.0"/>
  <testcase classname="com.cs341.a2.testngdemo.TestngdemoNGTest" name="testIncrementCounterParallel" time="0.0"/>
  <testcase classname="com.cs341.a2.testngdemo.TestngdemoNGTest" name="testIncrementCounterParallel" time="0.0"/>
  <testcase classname="com.cs341.a2.testngdemo.TestngdemoNGTest" name="testIncrementCounterParallel" time="0.0"/>
  <testcase classname="com.cs341.a2.testngdemo.TestngdemoNGTest" name="testIncrementCounterParallel" time="0.0"/>
  <testcase classname="com.cs341.a2.testngdemo.TestngdemoNGTest" name="testIncrementCounterParallel" time="0.0"/>
  <testcase classname="com.cs341.a2.testngdemo.TestngdemoNGTest" name="testIncrementCounterParallel" time="0.0"/>
  <testcase classname="com.cs341.a2.testngdemo.TestngdemoNGTest" name="testIncrementCounterParallel" time="0.001"/>
  <testcase classname="com.cs341.a2.testngdemo.TestngdemoNGTest" name="testIncrementCounterParallel" time="0.0"/>
  <testcase classname="com.cs341.a2.testngdemo.TestngdemoNGTest" name="testIncrementCounterParallel" time="0.0"/>
  <testcase classname="com.cs341.a2.testngdemo.TestngdemoNGTest" name="testIncrementCounterParallel" time="0.0"/>
  <testcase classname="com.cs341.a2.testngdemo.TestngdemoNGTest" name="testIncrementCounterParallel" time="0.0"/>
  <testcase classname="com.cs341.a2.testngdemo.TestngdemoNGTest" name="testIncrementCounterParallel" time="0.001"/>
  <testcase classname="com.cs341.a2.testngdemo.TestngdemoNGTest" name="testIncrementCounterParallel" time="0.0"/>
  <testcase classname="com.cs341.a2.testngdemo.TestngdemoNGTest" name="testIncrementCounterParallel" time="0.0"/>
  <testcase classname="com.cs341.a2.testngdemo.TestngdemoNGTest" name="testIncrementCounterParallel" time="0.001"/>
  <testcase classname="com.cs341.a2.testngdemo.TestngdemoNGTest" name="testIncrementCounterParallel" time="0.001"/>
  <testcase classname="com.cs341.a2.testngdemo.TestngdemoNGTest" name="testIncrementCounterParallel" time="0.001"/>
  <testcase classname="com.cs341.a2.testngdemo.TestngdemoNGTest" name="testIncrementCounterParallel" time="0.0"/>
  <testcase classname="com.cs341.a2.testngdemo.TestngdemoNGTest" name="testIncrementCounterParallel" time="0.0"/>
  <testcase classname="com.cs341.a2.testngdemo.TestngdemoNGTest" name="testIncrementCounterParallel" time="0.001"/>
  <testcase classname="com.cs341.a2.testngdemo.TestngdemoNGTest" name="testIncrementCounterParallel" time="0.001"/>
  <testcase classname="com.cs341.a2.testngdemo.TestngdemoNGTest" name="testIncrementCounterParallel" time="0.001"/>
  <testcase classname="com.cs341.a2.testngdemo.TestngdemoNGTest" name="testIncrementCounterParallel" time="0.0"/>
  <testcase classname="com.cs341.a2.testngdemo.TestngdemoNGTest" name="testIncrementCounterParallel" time="0.0"/>
  <testcase classname="com.cs341.a2.testngdemo.TestngdemoNGTest" name="testIncrementCounterParallel" time="0.001"/>
  <testcase classname="com.cs341.a2.testngdemo.TestngdemoNGTest" name="testIncrementCounterParallel" time="0.001"/>
  <testcase classname="com.cs341.a2.testngdemo.TestngdemoNGTest" name="testIncrementCounterParallel" time="0.001"/>
  <testcase classname="com.cs341.a2.testngdemo.TestngdemoNGTest" name="testIncrementCounterParallel" time="0.0"/>
  <testcase classname="com.cs341.a2.testngdemo.TestngdemoNGTest" name="testIncrementCounterParallel" time="0.001"/>
  <testcase classname="com.cs341.a2.testngdemo.TestngdemoNGTest" name="testIncrementCounterParallel" time="0.001"/>
  <testcase classname="com.cs341.a2.testngdemo.TestngdemoNGTest" name="testIncrementCounterParallel" time="0.001"/>
  <testcase classname="com.cs341.a2.testngdemo.TestngdemoNGTest" name="testIncrementCounterParallel" time="0.0"/>
  <testcase classname="com.cs341.a2.testngdemo.TestngdemoNGTest" name="testIncrementCounterParallel" time="0.001"/>
  <testcase classname="com.cs341.a2.testngdemo.TestngdemoNGTest" name="testIncrementCounterParallel" time="0.001"/>
  <testcase classname="com.cs341.a2.testngdemo.TestngdemoNGTest" name="testIncrementCounterParallel" time="0.001"/>
  <testcase classname="com.cs341.a2.testngdemo.TestngdemoNGTest" name="testIncrementCounterParallel" time="0.001"/>
  <testcase classname="com.cs341.a2.testngdemo.TestngdemoNGTest" name="testIncrementCounterParallel" time="0.0"/>
  <testcase classname="com.cs341.a2.testngdemo.TestngdemoNGTest" name="testIncrementCounterParallel" time="0.001"/>
  <testcase classname="com.cs341.a2.testngdemo.TestngdemoNGTest" name="testIncrementCounterParallel" time="0.001"/>
  <testcase classname="com.cs341.a2.testngdemo.TestngdemoNGTest" name="testIncrementCounterParallel" time="0.001"/>
  <testcase classname="com.cs341.a2.testngdemo.TestngdemoNGTest" name="testIncrementCounterParallel" time="0.001"/>
  <testcase classname="com.cs341.a2.testngdemo.TestngdemoNGTest" name="testIncrementCounterParallel" time="0.0"/>
  <testcase classname="com.cs341.a2.testngdemo.TestngdemoNGTest" name="testIncrementCounterParallel" time="0.0"/>
  <testcase classname="com.cs341.a2.testngdemo.TestngdemoNGTest" name="testIncrementCounterParallel" time="0.0"/>
  <testcase classname="com.cs341.a2.testngdemo.TestngdemoNGTest" name="testIncrementCounterParallel" time="0.0"/>
  <testcase classname="com.cs341.a2.testngdemo.TestngdemoNGTest" name="testIncrementCounterParallel" time="0.0"/>
  <testcase classname="com.cs341.a2.testngdemo.TestngdemoNGTest" name="testIncrementCounterParallel" time="0.0"/>
  <testcase classname="com.cs341.a2.testngdemo.TestngdemoNGTest" name="testIncrementCounterParallel" time="0.0"/>
  <testcase classname="com.cs341.a2.testngdemo.TestngdemoNGTest" name="testIncrementCounterParallel" time="0.0"/>
  <testcase classname="com.cs341.a2.testngdemo.TestngdemoNGTest" name="testIncrementCounterParallel" time="0.0"/>
  <testcase classname="com.cs341.a2.testngdemo.TestngdemoNGTest" name="testIncrementCounterParallel" time="0.0"/>
  <testcase classname="com.cs341.a2.testngdemo.TestngdemoNGTest" name="testIncrementCounterParallel" time="0.0"/>
  <testcase classname="com.cs341.a2.testngdemo.TestngdemoNGTest" name="testIncrementCounterParallel" time="0.0"/>
  <testcase classname="com.cs341.a2.testngdemo.TestngdemoNGTest" name="testIncrementCounterParallel" time="0.0"/>
  <testcase classname="com.cs341.a2.testngdemo.TestngdemoNGTest" name="testIncrementCounterParallel" time="0.0"/>
  <testcase classname="com.cs341.a2.testngdemo.TestngdemoNGTest" name="testIncrementCounterParallel" time="0.0"/>
  <testcase classname="com.cs341.a2.testngdemo.TestngdemoNGTest" name="testIncrementCounterParallel" time="0.0"/>
  <testcase classname="com.cs341.a2.testngdemo.TestngdemoNGTest" name="testIncrementCounterParallel" time="0.0"/>
  <testcase classname="com.cs341.a2.testngdemo.TestngdemoNGTest" name="testIncrementCounterParallel" time="0.0"/>
  <testcase classname="com.cs341.a2.testngdemo.TestngdemoNGTest" name="testIncrementCounterParallel" time="0.0"/>
  <testcase classname="com.cs341.a2.testngdemo.TestngdemoNGTest" name="testIncrementCounterParallel" time="0.0"/>
  <testcase classname="com.cs341.a2.testngdemo.TestngdemoNGTest" name="testIncrementCounterParallel" time="0.0"/>
  <testcase classname="com.cs341.a2.testngdemo.TestngdemoNGTest" name="testIncrementCounterParallel" time="0.0"/>
  <testcase classname="com.cs341.a2.testngdemo.TestngdemoNGTest" name="testIncrementCounterParallel" time="0.0"/>
  <testcase classname="com.cs341.a2.testngdemo.TestngdemoNGTest" name="testIncrementCounterParallel" time="0.0"/>
  <testcase classname="com.cs341.a2.testngdemo.TestngdemoNGTest" name="testIncrementCounterParallel" time="0.0"/>
  <testcase classname="com.cs341.a2.testngdemo.TestngdemoNGTest" name="testIncrementCounterParallel" time="0.0"/>
  <testcase classname="com.cs341.a2.testngdemo.TestngdemoNGTest" name="testIncrementCounterParallel" time="0.001"/>
  <testcase classname="com.cs341.a2.testngdemo.TestngdemoNGTest" name="testIncrementCounterParallel" time="0.0"/>
  <testcase classname="com.cs341.a2.testngdemo.TestngdemoNGTest" name="testIncrementCounterParallel" time="0.0"/>
  <testcase classname="com.cs341.a2.testngdemo.TestngdemoNGTest" name="testIncrementCounterParallel" time="0.0"/>
  <testcase classname="com.cs341.a2.testngdemo.TestngdemoNGTest" name="testIncrementCounterParallel" time="0.0"/>
  <testcase classname="com.cs341.a2.testngdemo.TestngdemoNGTest" name="testIncrementCounterParallel" time="0.001"/>
  <testcase classname="com.cs341.a2.testngdemo.TestngdemoNGTest" name="testIncrementCounterParallel" time="0.0"/>
  <testcase classname="com.cs341.a2.testngdemo.TestngdemoNGTest" name="testIncrementCounterParallel" time="0.0"/>
  <testcase classname="com.cs341.a2.testngdemo.TestngdemoNGTest" name="testIncrementCounterParallel" time="0.0"/>
  <testcase classname="com.cs341.a2.testngdemo.TestngdemoNGTest" name="testIncrementCounterParallel" time="0.001"/>
  <testcase classname="com.cs341.a2.testngdemo.TestngdemoNGTest" name="testIncrementCounterParallel" time="0.0"/>
  <testcase classname="com.cs341.a2.testngdemo.TestngdemoNGTest" name="testIncrementCounterParallel" time="0.0"/>
  <testcase classname="com.cs341.a2.testngdemo.TestngdemoNGTest" name="testIncrementCounterParallel" time="0.0"/>
  <testcase classname="com.cs341.a2.testngdemo.TestngdemoNGTest" name="testIncrementCounterParallel" time="0.001"/>
  <testcase classname="com.cs341.a2.testngdemo.TestngdemoNGTest" name="testIncrementCounterParallel" time="0.001"/>
  <testcase classname="com.cs341.a2.testngdemo.TestngdemoNGTest" name="testIncrementCounterParallel" time="0.0"/>
  <testcase classname="com.cs341.a2.testngdemo.TestngdemoNGTest" name="testIncrementCounterParallel" time="0.0"/>
  <testcase classname="com.cs341.a2.testngdemo.TestngdemoNGTest" name="testIncrementCounterParallel" time="0.0"/>
  <testcase classname="com.cs341.a2.testngdemo.TestngdemoNGTest" name="testIncrementCounterParallel" time="0.001"/>
  <testcase classname="com.cs341.a2.testngdemo.TestngdemoNGTest" name="testIncrementCounterParallel" time="0.001"/>
  <testcase classname="com.cs341.a2.testngdemo.TestngdemoNGTest" name="testMultiplication" time="0.0"/>
  <testcase classname="com.cs341.a2.testngdemo.TestngdemoNGTest" name="testParallelExecution" time="0.505"/>
  <testcase classname="com.cs341.a2.testngdemo.TestngdemoNGTest" name="testParallelExecution" time="0.505"/>
  <testcase classname="com.cs341.a2.testngdemo.TestngdemoNGTest" name="testParallelExecution" time="0.505"/>
  <testcase classname="com.cs341.a2.testngdemo.TestngdemoNGTest" name="testSubtraction" time="0.0"/>
  <testcase classname="com.cs341.a2.testngdemo.TestngdemoNGTest" name="testDivisionByZero" time="0.0"/>
  <testcase classname="com.cs341.a2.testngdemo.TestngdemoNGTest" name="testCounterValue" time="0.001"/>
  <testcase classname="com.cs341.a2.testngdemo.TestngdemoNGTest" name="testComplexCalculation" time="0.003">
    <failure type="java.lang.AssertionError" message="Complex calculation result is incorrect! expected [3] but found [7]">
      <![CDATA[java.lang.AssertionError: Complex calculation result is incorrect! expected [3] but found [7]
at com.cs341.a2.testngdemo.TestngdemoNGTest.testComplexCalculation(TestngdemoNGTest.java:51)
at java.base/java.util.ArrayList.forEach(ArrayList.java:1511)
... Removed 36 stack frames]]>
    </failure>
  </testcase> <!-- testComplexCalculation -->
</testsuite> <!-- Surefire test -->
