<?xml version="1.0" encoding="UTF-8"?>
<testsuite xmlns:xsi="http://www.w3.org/2001/XMLSchema-instance" xsi:noNamespaceSchemaLocation="https://maven.apache.org/surefire/maven-surefire-plugin/xsd/surefire-test-report-3.0.xsd" version="3.0" name="TestSuite" time="1.498" tests="109" errors="0" skipped="0" failures="0">
  <properties>
[...]
</properties>
  <testcase name="testMultiplication" classname="com.cs341.a2.testngdemo.TestngdemoNGTest" time="0.003">
    <system-err><![CDATA[SLF4J: Failed to load class "org.slf4j.impl.StaticLoggerBinder".
SLF4J: Defaulting to no-operation (NOP) logger implementation
SLF4J: See http://www.slf4j.org/codes.html#StaticLoggerBinder for further details.
]]></system-err>
  </testcase>
  <testcase name="testSubtraction" classname="com.cs341.a2.testngdemo.TestngdemoNGTest" time="0.01"/>
  <testcase name="testAddition" classname="com.cs341.a2.testngdemo.TestngdemoNGTest" time="0.01"/>
  <testcase name="testIncrementCounterParallel" classname="com.cs341.a2.testngdemo.TestngdemoNGTest" time="0.01"/>
  <testcase name="testIncrementCounterParallel" classname="com.cs341.a2.testngdemo.TestngdemoNGTest" time="0.01"/>
  <testcase name="testIncrementCounterParallel" classname="com.cs341.a2.testngdemo.TestngdemoNGTest" time="0.01"/>
  <testcase name="testIncrementCounterParallel" classname="com.cs341.a2.testngdemo.TestngdemoNGTest" time="0.01"/>
  <testcase name="testIncrementCounterParallel" classname="com.cs341.a2.testngdemo.TestngdemoNGTest" time="0.0"/>
  <testcase name="testIncrementCounterParallel" classname="com.cs341.a2.testngdemo.TestngdemoNGTest" time="0.0"/>
  <testcase name="testIncrementCounterParallel" classname="com.cs341.a2.testngdemo.TestngdemoNGTest" time="0.0"/>
  <testcase name="testIncrementCounterParallel" classname="com.cs341.a2.testngdemo.TestngdemoNGTest" time="0.0"/>
  <testcase name="testIncrementCounterParallel" classname="com.cs341.a2.testngdemo.TestngdemoNGTest" time="0.0"/>
  <testcase name="testIncrementCounterParallel" classname="com.cs341.a2.testngdemo.TestngdemoNGTest" time="0.0"/>
  <testcase name="testIncrementCounterParallel" classname="com.cs341.a2.testngdemo.TestngdemoNGTest" time="0.0"/>
  <testcase name="testIncrementCounterParallel" classname="com.cs341.a2.testngdemo.TestngdemoNGTest" time="0.0"/>
  <testcase name="testIncrementCounterParallel" classname="com.cs341.a2.testngdemo.TestngdemoNGTest" time="0.0"/>
  <testcase name="testIncrementCounterParallel" classname="com.cs341.a2.testngdemo.TestngdemoNGTest" time="0.0"/>
  <testcase name="testIncrementCounterParallel" classname="com.cs341.a2.testngdemo.TestngdemoNGTest" time="0.001"/>
  <testcase name="testIncrementCounterParallel" classname="com.cs341.a2.testngdemo.TestngdemoNGTest" time="0.0"/>
  <testcase name="testIncrementCounterParallel" classname="com.cs341.a2.testngdemo.TestngdemoNGTest" time="0.0"/>
  <testcase name="testIncrementCounterParallel" classname="com.cs341.a2.testngdemo.TestngdemoNGTest" time="0.0"/>
  <testcase name="testIncrementCounterParallel" classname="com.cs341.a2.testngdemo.TestngdemoNGTest" time="0.0"/>
  <testcase name="testIncrementCounterParallel" classname="com.cs341.a2.testngdemo.TestngdemoNGTest" time="0.0"/>
  <testcase name="testIncrementCounterParallel" classname="com.cs341.a2.testngdemo.TestngdemoNGTest" time="0.0"/>
  <testcase name="testIncrementCounterParallel" classname="com.cs341.a2.testngdemo.TestngdemoNGTest" time="0.0"/>
  <testcase name="testIncrementCounterParallel" classname="com.cs341.a2.testngdemo.TestngdemoNGTest" time="0.0"/>
  <testcase name="testIncrementCounterParallel" classname="com.cs341.a2.testngdemo.TestngdemoNGTest" time="0.0"/>
  <testcase name="testIncrementCounterParallel" classname="com.cs341.a2.testngdemo.TestngdemoNGTest" time="0.001"/>
  <testcase name="testIncrementCounterParallel" classname="com.cs341.a2.testngdemo.TestngdemoNGTest" time="0.0"/>
  <testcase name="testIncrementCounterParallel" classname="com.cs341.a2.testngdemo.TestngdemoNGTest" time="0.0"/>
  <testcase name="testIncrementCounterParallel" classname="com.cs341.a2.testngdemo.TestngdemoNGTest" time="0.001"/>
  <testcase name="testIncrementCounterParallel" classname="com.cs341.a2.testngdemo.TestngdemoNGTest" time="0.001"/>
  <testcase name="testIncrementCounterParallel" classname="com.cs341.a2.testngdemo.TestngdemoNGTest" time="0.0"/>
  <testcase name="testIncrementCounterParallel" classname="com.cs341.a2.testngdemo.TestngdemoNGTest" time="0.0"/>
  <testcase name="testIncrementCounterParallel" classname="com.cs341.a2.testngdemo.TestngdemoNGTest" time="0.0"/>
  <testcase name="testIncrementCounterParallel" classname="com.cs341.a2.testngdemo.TestngdemoNGTest" time="0.0"/>
  <testcase name="testIncrementCounterParallel" classname="com.cs341.a2.testngdemo.TestngdemoNGTest" time="0.0"/>
  <testcase name="testIncrementCounterParallel" classname="com.cs341.a2.testngdemo.TestngdemoNGTest" time="0.0"/>
  <testcase name="testIncrementCounterParallel" classname="com.cs341.a2.testngdemo.TestngdemoNGTest" time="0.001"/>
  <testcase name="testIncrementCounterParallel" classname="com.cs341.a2.testngdemo.TestngdemoNGTest" time="0.0"/>
  <testcase name="testIncrementCounterParallel" classname="com.cs341.a2.testngdemo.TestngdemoNGTest" time="0.0"/>
  <testcase name="testIncrementCounterParallel" classname="com.cs341.a2.testngdemo.TestngdemoNGTest" time="0.0"/>
  <testcase name="testIncrementCounterParallel" classname="com.cs341.a2.testngdemo.TestngdemoNGTest" time="0.0"/>
  <testcase name="testIncrementCounterParallel" classname="com.cs341.a2.testngdemo.TestngdemoNGTest" time="0.001"/>
  <testcase name="testIncrementCounterParallel" classname="com.cs341.a2.testngdemo.TestngdemoNGTest" time="0.0"/>
  <testcase name="testIncrementCounterParallel" classname="com.cs341.a2.testngdemo.TestngdemoNGTest" time="0.0"/>
  <testcase name="testIncrementCounterParallel" classname="com.cs341.a2.testngdemo.TestngdemoNGTest" time="0.0"/>
  <testcase name="testIncrementCounterParallel" classname="com.cs341.a2.testngdemo.TestngdemoNGTest" time="0.0"/>
  <testcase name="testIncrementCounterParallel" classname="com.cs341.a2.testngdemo.TestngdemoNGTest" time="0.0"/>
  <testcase name="testIncrementCounterParallel" classname="com.cs341.a2.testngdemo.TestngdemoNGTest" time="0.0"/>
  <testcase name="testIncrementCounterParallel" classname="com.cs341.a2.testngdemo.TestngdemoNGTest" time="0.0"/>
  <testcase name="testIncrementCounterParallel" classname="com.cs341.a2.testngdemo.TestngdemoNGTest" time="0.0"/>
  <testcase name="testIncrementCounterParallel" classname="com.cs341.a2.testngdemo.TestngdemoNGTest" time="0.0"/>
  <testcase name="testIncrementCounterParallel" classname="com.cs341.a2.testngdemo.TestngdemoNGTest" time="0.0"/>
  <testcase name="testIncrementCounterParallel" classname="com.cs341.a2.testngdemo.TestngdemoNGTest" time="0.0"/>
  <testcase name="testIncrementCounterParallel" classname="com.cs341.a2.testngdemo.TestngdemoNGTest" time="0.0"/>
  <testcase name="testIncrementCounterParallel" classname="com.cs341.a2.testngdemo.TestngdemoNGTest" time="0.0"/>
  <testcase name="testIncrementCounterParallel" classname="com.cs341.a2.testngdemo.TestngdemoNGTest" time="0.0"/>
  <testcase name="testIncrementCounterParallel" classname="com.cs341.a2.testngdemo.TestngdemoNGTest" time="0.001"/>
  <testcase name="testIncrementCounterParallel" classname="com.cs341.a2.testngdemo.TestngdemoNGTest" time="0.0"/>
  <testcase name="testIncrementCounterParallel" classname="com.cs341.a2.testngdemo.TestngdemoNGTest" time="0.0"/>
  <testcase name="testIncrementCounterParallel" classname="com.cs341.a2.testngdemo.TestngdemoNGTest" time="0.001"/>
  <testcase name="testIncrementCounterParallel" classname="com.cs341.a2.testngdemo.TestngdemoNGTest" time="0.001"/>
  <testcase name="testIncrementCounterParallel" classname="com.cs341.a2.testngdemo.TestngdemoNGTest" time="0.0"/>
  <testcase name="testIncrementCounterParallel" classname="com.cs341.a2.testngdemo.TestngdemoNGTest" time="0.0"/>
  <testcase name="testIncrementCounterParallel" classname="com.cs341.a2.testngdemo.TestngdemoNGTest" time="0.001"/>
  <testcase name="testIncrementCounterParallel" classname="com.cs341.a2.testngdemo.TestngdemoNGTest" time="0.001"/>
  <testcase name="testIncrementCounterParallel" classname="com.cs341.a2.testngdemo.TestngdemoNGTest" time="0.0"/>
  <testcase name="testIncrementCounterParallel" classname="com.cs341.a2.testngdemo.TestngdemoNGTest" time="0.0"/>
  <testcase name="testIncrementCounterParallel" classname="com.cs341.a2.testngdemo.TestngdemoNGTest" time="0.0"/>
  <testcase name="testIncrementCounterParallel" classname="com.cs341.a2.testngdemo.TestngdemoNGTest" time="0.0"/>
  <testcase name="testIncrementCounterParallel" classname="com.cs341.a2.testngdemo.TestngdemoNGTest" time="0.0"/>
  <testcase name="testIncrementCounterParallel" classname="com.cs341.a2.testngdemo.TestngdemoNGTest" time="0.0"/>
  <testcase name="testIncrementCounterParallel" classname="com.cs341.a2.testngdemo.TestngdemoNGTest" time="0.0"/>
  <testcase name="testIncrementCounterParallel" classname="com.cs341.a2.testngdemo.TestngdemoNGTest" time="0.001"/>
  <testcase name="testIncrementCounterParallel" classname="com.cs341.a2.testngdemo.TestngdemoNGTest" time="0.0"/>
  <testcase name="testIncrementCounterParallel" classname="com.cs341.a2.testngdemo.TestngdemoNGTest" time="0.0"/>
  <testcase name="testIncrementCounterParallel" classname="com.cs341.a2.testngdemo.TestngdemoNGTest" time="0.0"/>
  <testcase name="testIncrementCounterParallel" classname="com.cs341.a2.testngdemo.TestngdemoNGTest" time="0.001"/>
  <testcase name="testIncrementCounterParallel" classname="com.cs341.a2.testngdemo.TestngdemoNGTest" time="0.001"/>
  <testcase name="testIncrementCounterParallel" classname="com.cs341.a2.testngdemo.TestngdemoNGTest" time="0.0"/>
  <testcase name="testIncrementCounterParallel" classname="com.cs341.a2.testngdemo.TestngdemoNGTest" time="0.0"/>
  <testcase name="testIncrementCounterParallel" classname="com.cs341.a2.testngdemo.TestngdemoNGTest" time="0.001"/>
  <testcase name="testIncrementCounterParallel" classname="com.cs341.a2.testngdemo.TestngdemoNGTest" time="0.001"/>
  <testcase name="testIncrementCounterParallel" classname="com.cs341.a2.testngdemo.TestngdemoNGTest" time="0.001"/>
  <testcase name="testIncrementCounterParallel" classname="com.cs341.a2.testngdemo.TestngdemoNGTest" time="0.0"/>
  <testcase name="testIncrementCounterParallel" classname="com.cs341.a2.testngdemo.TestngdemoNGTest" time="0.0"/>
  <testcase name="testIncrementCounterParallel" classname="com.cs341.a2.testngdemo.TestngdemoNGTest" time="0.0"/>
  <testcase name="testIncrementCounterParallel" classname="com.cs341.a2.testngdemo.TestngdemoNGTest" time="0.0"/>
  <testcase name="testIncrementCounterParallel" classname="com.cs341.a2.testngdemo.TestngdemoNGTest" time="0.0"/>
  <testcase name="testIncrementCounterParallel" classname="com.cs341.a2.testngdemo.TestngdemoNGTest" time="0.0"/>
  <testcase name="testIncrementCounterParallel" classname="com.cs341.a2.testngdemo.TestngdemoNGTest" time="0.0"/>
  <testcase name="testIncrementCounterParallel" classname="com.cs341.a2.testngdemo.TestngdemoNGTest" time="0.001"/>
  <testcase name="testIncrementCounterParallel" classname="com.cs341.a2.testngdemo.TestngdemoNGTest" time="0.001"/>
  <testcase name="testIncrementCounterParallel" classname="com.cs341.a2.testngdemo.TestngdemoNGTest" time="0.001"/>
  <testcase name="testIncrementCounterParallel" classname="com.cs341.a2.testngdemo.TestngdemoNGTest" time="0.0"/>
  <testcase name="testIncrementCounterParallel" classname="com.cs341.a2.testngdemo.TestngdemoNGTest" time="0.0"/>
  <testcase name="testIncrementCounterParallel" classname="com.cs341.a2.testngdemo.TestngdemoNGTest" time="0.0"/>
  <testcase name="testIncrementCounterParallel" classname="com.cs341.a2.testngdemo.TestngdemoNGTest" time="0.0"/>
  <testcase name="testIncrementCounterParallel" classname="com.cs341.a2.testngdemo.TestngdemoNGTest" time="0.0"/>
  <testcase name="testIncrementCounterParallel" classname="com.cs341.a2.testngdemo.TestngdemoNGTest" time="0.001"/>
  <testcase name="testIncrementCounterParallel" classname="com.cs341.a2.testngdemo.TestngdemoNGTest" time="0.0"/>
  <testcase name="testIncrementCounterParallel" classname="com.cs341.a2.testngdemo.TestngdemoNGTest" time="0.0"/>
  <testcase name="testDivisionByZero" classname="com.cs341.a2.testngdemo.TestngdemoNGTest" time="0.0"/>
  <testcase name="testSampleValue" classname="com.cs341.a2.testngdemo.TestngdemoNGTest" time="0.0"/>
  <testcase name="testCounterValue" classname="com.cs341.a2.testngdemo.TestngdemoNGTest" time="0.0"/>
  <testcase name="testParallelExecution" classname="com.cs341.a2.testngdemo.TestngdemoNGTest" time="0.474">
    <system-out><![CDATA[Thread: 48, Execution time: 503 ms, Started: 1729488887367, Ended: 1729488887870
Thread: 50, Execution time: 503 ms, Started: 1729488887367, Ended: 1729488887870
]]></system-out>
  </testcase>
  <testcase name="testParallelExecution" classname="com.cs341.a2.testngdemo.TestngdemoNGTest" time="0.474"/>
  <testcase name="testParallelExecution" classname="com.cs341.a2.testngdemo.TestngdemoNGTest" time="0.507">
    <system-out><![CDATA[Thread: 48, Execution time: 505 ms, Started: 1729488887878, Ended: 1729488888383
]]></system-out>
  </testcase>
</testsuite>